{"/Users/elopezg/Documents/workspace_erick/technical-test/src/models/comments.model.js": {"path":"/Users/elopezg/Documents/workspace_erick/technical-test/src/models/comments.model.js","statementMap":{"0":{"start":{"line":4,"column":27},"end":{"line":13,"column":1}},"1":{"start":{"line":5,"column":4},"end":{"line":12,"column":5}},"2":{"start":{"line":6,"column":22},"end":{"line":6,"column":109}},"3":{"start":{"line":7,"column":28},"end":{"line":7,"column":59}},"4":{"start":{"line":8,"column":8},"end":{"line":8,"column":36}},"5":{"start":{"line":10,"column":8},"end":{"line":10,"column":76}},"6":{"start":{"line":11,"column":8},"end":{"line":11,"column":17}},"7":{"start":{"line":15,"column":31},"end":{"line":19,"column":1}},"8":{"start":{"line":16,"column":18},"end":{"line":16,"column":124}},"9":{"start":{"line":17,"column":24},"end":{"line":17,"column":65}},"10":{"start":{"line":18,"column":4},"end":{"line":18,"column":28}}},"fnMap":{"0":{"name":"(anonymous_0)","decl":{"start":{"line":4,"column":27},"end":{"line":4,"column":28}},"loc":{"start":{"line":4,"column":44},"end":{"line":13,"column":1}},"line":4},"1":{"name":"(anonymous_1)","decl":{"start":{"line":15,"column":31},"end":{"line":15,"column":32}},"loc":{"start":{"line":15,"column":49},"end":{"line":19,"column":1}},"line":15}},"branchMap":{},"s":{"0":1,"1":3,"2":3,"3":3,"4":2,"5":1,"6":1,"7":1,"8":4,"9":4,"10":4},"f":{"0":3,"1":4},"b":{},"_coverageSchema":"1a1c01bbd47fc00a2c39e90264f33305004495a9","hash":"7f231376702ef20269ecb0a29e24646ea6a7df79"}
,"/Users/elopezg/Documents/workspace_erick/technical-test/src/models/post.model.js": {"path":"/Users/elopezg/Documents/workspace_erick/technical-test/src/models/post.model.js","statementMap":{"0":{"start":{"line":4,"column":21},"end":{"line":7,"column":1}},"1":{"start":{"line":5,"column":24},"end":{"line":5,"column":88}},"2":{"start":{"line":6,"column":4},"end":{"line":6,"column":28}},"3":{"start":{"line":9,"column":23},"end":{"line":18,"column":1}},"4":{"start":{"line":10,"column":4},"end":{"line":17,"column":5}},"5":{"start":{"line":11,"column":22},"end":{"line":11,"column":96}},"6":{"start":{"line":12,"column":28},"end":{"line":12,"column":59}},"7":{"start":{"line":13,"column":8},"end":{"line":13,"column":36}},"8":{"start":{"line":15,"column":8},"end":{"line":15,"column":68}},"9":{"start":{"line":16,"column":8},"end":{"line":16,"column":17}},"10":{"start":{"line":20,"column":19},"end":{"line":26,"column":1}},"11":{"start":{"line":21,"column":16},"end":{"line":21,"column":125}},"12":{"start":{"line":22,"column":4},"end":{"line":22,"column":73}},"13":{"start":{"line":23,"column":4},"end":{"line":23,"column":37}},"14":{"start":{"line":24,"column":24},"end":{"line":24,"column":55}},"15":{"start":{"line":25,"column":4},"end":{"line":25,"column":28}}},"fnMap":{"0":{"name":"(anonymous_0)","decl":{"start":{"line":4,"column":21},"end":{"line":4,"column":22}},"loc":{"start":{"line":4,"column":33},"end":{"line":7,"column":1}},"line":4},"1":{"name":"(anonymous_1)","decl":{"start":{"line":9,"column":23},"end":{"line":9,"column":24}},"loc":{"start":{"line":9,"column":40},"end":{"line":18,"column":1}},"line":9},"2":{"name":"(anonymous_2)","decl":{"start":{"line":20,"column":19},"end":{"line":20,"column":20}},"loc":{"start":{"line":20,"column":31},"end":{"line":26,"column":1}},"line":20}},"branchMap":{},"s":{"0":1,"1":2,"2":2,"3":1,"4":3,"5":3,"6":3,"7":2,"8":1,"9":1,"10":1,"11":2,"12":2,"13":2,"14":2,"15":2},"f":{"0":2,"1":3,"2":2},"b":{},"_coverageSchema":"1a1c01bbd47fc00a2c39e90264f33305004495a9","hash":"7bac977cfcd85852606d67687f33d376b4c43896"}
,"/Users/elopezg/Documents/workspace_erick/technical-test/src/models/userLogin.model.js": {"path":"/Users/elopezg/Documents/workspace_erick/technical-test/src/models/userLogin.model.js","statementMap":{"0":{"start":{"line":5,"column":20},"end":{"line":9,"column":1}},"1":{"start":{"line":6,"column":18},"end":{"line":6,"column":86}},"2":{"start":{"line":7,"column":24},"end":{"line":7,"column":55}},"3":{"start":{"line":8,"column":4},"end":{"line":8,"column":28}},"4":{"start":{"line":11,"column":25},"end":{"line":15,"column":1}},"5":{"start":{"line":12,"column":18},"end":{"line":12,"column":100}},"6":{"start":{"line":13,"column":24},"end":{"line":13,"column":61}},"7":{"start":{"line":14,"column":4},"end":{"line":14,"column":28}},"8":{"start":{"line":17,"column":31},"end":{"line":21,"column":1}},"9":{"start":{"line":18,"column":18},"end":{"line":18,"column":103}},"10":{"start":{"line":19,"column":24},"end":{"line":19,"column":67}},"11":{"start":{"line":20,"column":4},"end":{"line":20,"column":28}},"12":{"start":{"line":23,"column":29},"end":{"line":27,"column":1}},"13":{"start":{"line":24,"column":18},"end":{"line":24,"column":122}},"14":{"start":{"line":25,"column":24},"end":{"line":25,"column":67}},"15":{"start":{"line":26,"column":4},"end":{"line":26,"column":28}},"16":{"start":{"line":29,"column":19},"end":{"line":37,"column":1}},"17":{"start":{"line":30,"column":4},"end":{"line":36,"column":5}},"18":{"start":{"line":31,"column":22},"end":{"line":31,"column":105}},"19":{"start":{"line":32,"column":8},"end":{"line":32,"column":103}},"20":{"start":{"line":33,"column":8},"end":{"line":33,"column":20}},"21":{"start":{"line":35,"column":8},"end":{"line":35,"column":21}},"22":{"start":{"line":39,"column":32},"end":{"line":49,"column":1}},"23":{"start":{"line":40,"column":4},"end":{"line":48,"column":5}},"24":{"start":{"line":41,"column":8},"end":{"line":41,"column":96}},"25":{"start":{"line":41,"column":66},"end":{"line":41,"column":96}},"26":{"start":{"line":42,"column":22},"end":{"line":42,"column":78}},"27":{"start":{"line":43,"column":8},"end":{"line":43,"column":69}},"28":{"start":{"line":44,"column":8},"end":{"line":44,"column":20}},"29":{"start":{"line":46,"column":8},"end":{"line":46,"column":82}},"30":{"start":{"line":47,"column":8},"end":{"line":47,"column":21}},"31":{"start":{"line":51,"column":31},"end":{"line":60,"column":1}},"32":{"start":{"line":52,"column":4},"end":{"line":59,"column":5}},"33":{"start":{"line":53,"column":22},"end":{"line":53,"column":77}},"34":{"start":{"line":54,"column":8},"end":{"line":54,"column":55}},"35":{"start":{"line":55,"column":8},"end":{"line":55,"column":20}},"36":{"start":{"line":57,"column":8},"end":{"line":57,"column":81}},"37":{"start":{"line":58,"column":8},"end":{"line":58,"column":21}}},"fnMap":{"0":{"name":"(anonymous_0)","decl":{"start":{"line":5,"column":20},"end":{"line":5,"column":21}},"loc":{"start":{"line":5,"column":32},"end":{"line":9,"column":1}},"line":5},"1":{"name":"(anonymous_1)","decl":{"start":{"line":11,"column":25},"end":{"line":11,"column":26}},"loc":{"start":{"line":11,"column":39},"end":{"line":15,"column":1}},"line":11},"2":{"name":"(anonymous_2)","decl":{"start":{"line":17,"column":31},"end":{"line":17,"column":32}},"loc":{"start":{"line":17,"column":51},"end":{"line":21,"column":1}},"line":17},"3":{"name":"(anonymous_3)","decl":{"start":{"line":23,"column":29},"end":{"line":23,"column":30}},"loc":{"start":{"line":23,"column":49},"end":{"line":27,"column":1}},"line":23},"4":{"name":"(anonymous_4)","decl":{"start":{"line":29,"column":19},"end":{"line":29,"column":20}},"loc":{"start":{"line":29,"column":41},"end":{"line":37,"column":1}},"line":29},"5":{"name":"(anonymous_5)","decl":{"start":{"line":39,"column":32},"end":{"line":39,"column":33}},"loc":{"start":{"line":39,"column":56},"end":{"line":49,"column":1}},"line":39},"6":{"name":"(anonymous_6)","decl":{"start":{"line":51,"column":31},"end":{"line":51,"column":32}},"loc":{"start":{"line":51,"column":54},"end":{"line":60,"column":1}},"line":51}},"branchMap":{"0":{"loc":{"start":{"line":41,"column":8},"end":{"line":41,"column":96}},"type":"if","locations":[{"start":{"line":41,"column":8},"end":{"line":41,"column":96}},{"start":{},"end":{}}],"line":41},"1":{"loc":{"start":{"line":41,"column":12},"end":{"line":41,"column":64}},"type":"binary-expr","locations":[{"start":{"line":41,"column":12},"end":{"line":41,"column":33}},{"start":{"line":41,"column":37},"end":{"line":41,"column":64}}],"line":41}},"s":{"0":1,"1":2,"2":2,"3":2,"4":1,"5":2,"6":2,"7":2,"8":1,"9":3,"10":3,"11":3,"12":1,"13":2,"14":2,"15":2,"16":1,"17":9,"18":9,"19":9,"20":1,"21":8,"22":1,"23":4,"24":4,"25":2,"26":2,"27":2,"28":1,"29":3,"30":3,"31":1,"32":3,"33":3,"34":3,"35":2,"36":1,"37":1},"f":{"0":2,"1":2,"2":3,"3":2,"4":9,"5":4,"6":3},"b":{"0":[2,2],"1":[4,4]},"_coverageSchema":"1a1c01bbd47fc00a2c39e90264f33305004495a9","hash":"7848ab820888fa8de0f66b7e390b02982f30dff0"}
,"/Users/elopezg/Documents/workspace_erick/technical-test/src/services/bcrypt.service.js": {"path":"/Users/elopezg/Documents/workspace_erick/technical-test/src/services/bcrypt.service.js","statementMap":{"0":{"start":{"line":5,"column":20},"end":{"line":9,"column":1}},"1":{"start":{"line":6,"column":4},"end":{"line":6,"column":48}},"2":{"start":{"line":6,"column":38},"end":{"line":6,"column":48}},"3":{"start":{"line":7,"column":4},"end":{"line":7,"column":49}},"4":{"start":{"line":7,"column":39},"end":{"line":7,"column":49}},"5":{"start":{"line":8,"column":4},"end":{"line":8,"column":64}},"6":{"start":{"line":11,"column":16},"end":{"line":14,"column":1}},"7":{"start":{"line":12,"column":4},"end":{"line":12,"column":89}},"8":{"start":{"line":12,"column":76},"end":{"line":12,"column":89}},"9":{"start":{"line":13,"column":4},"end":{"line":13,"column":56}}},"fnMap":{"0":{"name":"(anonymous_0)","decl":{"start":{"line":5,"column":20},"end":{"line":5,"column":21}},"loc":{"start":{"line":5,"column":35},"end":{"line":9,"column":1}},"line":5},"1":{"name":"(anonymous_1)","decl":{"start":{"line":11,"column":16},"end":{"line":11,"column":17}},"loc":{"start":{"line":11,"column":46},"end":{"line":14,"column":1}},"line":11}},"branchMap":{"0":{"loc":{"start":{"line":6,"column":4},"end":{"line":6,"column":48}},"type":"if","locations":[{"start":{"line":6,"column":4},"end":{"line":6,"column":48}},{"start":{},"end":{}}],"line":6},"1":{"loc":{"start":{"line":7,"column":4},"end":{"line":7,"column":49}},"type":"if","locations":[{"start":{"line":7,"column":4},"end":{"line":7,"column":49}},{"start":{},"end":{}}],"line":7},"2":{"loc":{"start":{"line":12,"column":4},"end":{"line":12,"column":89}},"type":"if","locations":[{"start":{"line":12,"column":4},"end":{"line":12,"column":89}},{"start":{},"end":{}}],"line":12},"3":{"loc":{"start":{"line":12,"column":8},"end":{"line":12,"column":74}},"type":"binary-expr","locations":[{"start":{"line":12,"column":8},"end":{"line":12,"column":37}},{"start":{"line":12,"column":41},"end":{"line":12,"column":74}}],"line":12}},"s":{"0":2,"1":17,"2":4,"3":13,"4":1,"5":12,"6":2,"7":9,"8":4,"9":5},"f":{"0":17,"1":9},"b":{"0":[4,13],"1":[1,12],"2":[4,5],"3":[9,6]},"_coverageSchema":"1a1c01bbd47fc00a2c39e90264f33305004495a9","hash":"908c6b8f221900945144288a32bc305da9950c94"}
,"/Users/elopezg/Documents/workspace_erick/technical-test/src/services/comments.service.js": {"path":"/Users/elopezg/Documents/workspace_erick/technical-test/src/services/comments.service.js","statementMap":{"0":{"start":{"line":4,"column":31},"end":{"line":18,"column":1}},"1":{"start":{"line":5,"column":4},"end":{"line":17,"column":5}},"2":{"start":{"line":6,"column":23},"end":{"line":11,"column":9}},"3":{"start":{"line":12,"column":25},"end":{"line":12,"column":44}},"4":{"start":{"line":13,"column":8},"end":{"line":13,"column":29}},"5":{"start":{"line":15,"column":8},"end":{"line":15,"column":64}},"6":{"start":{"line":16,"column":8},"end":{"line":16,"column":18}}},"fnMap":{"0":{"name":"(anonymous_0)","decl":{"start":{"line":4,"column":31},"end":{"line":4,"column":32}},"loc":{"start":{"line":4,"column":73},"end":{"line":18,"column":1}},"line":4}},"branchMap":{"0":{"loc":{"start":{"line":4,"column":42},"end":{"line":4,"column":68}},"type":"default-arg","locations":[{"start":{"line":4,"column":53},"end":{"line":4,"column":68}}],"line":4}},"s":{"0":1,"1":9,"2":9,"3":9,"4":8,"5":1,"6":1},"f":{"0":9},"b":{"0":[8]},"_coverageSchema":"1a1c01bbd47fc00a2c39e90264f33305004495a9","hash":"bd89c9c9c809f6060e060695ef684835a46ca04b"}
,"/Users/elopezg/Documents/workspace_erick/technical-test/src/services/jwt.service.js": {"path":"/Users/elopezg/Documents/workspace_erick/technical-test/src/services/jwt.service.js","statementMap":{"0":{"start":{"line":4,"column":13},"end":{"line":14,"column":1}},"1":{"start":{"line":5,"column":4},"end":{"line":5,"column":59}},"2":{"start":{"line":5,"column":49},"end":{"line":5,"column":59}},"3":{"start":{"line":6,"column":24},"end":{"line":9,"column":5}},"4":{"start":{"line":10,"column":21},"end":{"line":12,"column":5}},"5":{"start":{"line":13,"column":4},"end":{"line":13,"column":57}},"6":{"start":{"line":16,"column":19},"end":{"line":31,"column":1}},"7":{"start":{"line":17,"column":4},"end":{"line":17,"column":97}},"8":{"start":{"line":17,"column":23},"end":{"line":17,"column":97}},"9":{"start":{"line":18,"column":4},"end":{"line":18,"column":148}},"10":{"start":{"line":18,"column":58},"end":{"line":18,"column":148}},"11":{"start":{"line":19,"column":4},"end":{"line":30,"column":5}},"12":{"start":{"line":20,"column":22},"end":{"line":20,"column":47}},"13":{"start":{"line":21,"column":28},"end":{"line":21,"column":65}},"14":{"start":{"line":22,"column":8},"end":{"line":22,"column":88}},"15":{"start":{"line":24,"column":8},"end":{"line":26,"column":9}},"16":{"start":{"line":25,"column":12},"end":{"line":25,"column":84}},"17":{"start":{"line":27,"column":8},"end":{"line":29,"column":9}},"18":{"start":{"line":28,"column":12},"end":{"line":28,"column":84}}},"fnMap":{"0":{"name":"(anonymous_0)","decl":{"start":{"line":4,"column":13},"end":{"line":4,"column":14}},"loc":{"start":{"line":4,"column":35},"end":{"line":14,"column":1}},"line":4},"1":{"name":"(anonymous_1)","decl":{"start":{"line":16,"column":19},"end":{"line":16,"column":20}},"loc":{"start":{"line":16,"column":43},"end":{"line":31,"column":1}},"line":16}},"branchMap":{"0":{"loc":{"start":{"line":5,"column":4},"end":{"line":5,"column":59}},"type":"if","locations":[{"start":{"line":5,"column":4},"end":{"line":5,"column":59}},{"start":{},"end":{}}],"line":5},"1":{"loc":{"start":{"line":17,"column":4},"end":{"line":17,"column":97}},"type":"if","locations":[{"start":{"line":17,"column":4},"end":{"line":17,"column":97}},{"start":{},"end":{}}],"line":17},"2":{"loc":{"start":{"line":18,"column":4},"end":{"line":18,"column":148}},"type":"if","locations":[{"start":{"line":18,"column":4},"end":{"line":18,"column":148}},{"start":{},"end":{}}],"line":18},"3":{"loc":{"start":{"line":24,"column":8},"end":{"line":26,"column":9}},"type":"if","locations":[{"start":{"line":24,"column":8},"end":{"line":26,"column":9}},{"start":{},"end":{}}],"line":24},"4":{"loc":{"start":{"line":27,"column":8},"end":{"line":29,"column":9}},"type":"if","locations":[{"start":{"line":27,"column":8},"end":{"line":29,"column":9}},{"start":{},"end":{}}],"line":27}},"s":{"0":1,"1":4,"2":1,"3":3,"4":3,"5":3,"6":1,"7":5,"8":1,"9":4,"10":1,"11":3,"12":3,"13":3,"14":1,"15":2,"16":1,"17":1,"18":1},"f":{"0":4,"1":5},"b":{"0":[1,3],"1":[1,4],"2":[1,3],"3":[1,1],"4":[1,0]},"_coverageSchema":"1a1c01bbd47fc00a2c39e90264f33305004495a9","hash":"5cbae769c44e807059e8674df03b9f60ed629559"}
,"/Users/elopezg/Documents/workspace_erick/technical-test/src/services/post.service.js": {"path":"/Users/elopezg/Documents/workspace_erick/technical-test/src/services/post.service.js","statementMap":{"0":{"start":{"line":4,"column":20},"end":{"line":18,"column":1}},"1":{"start":{"line":5,"column":4},"end":{"line":17,"column":5}},"2":{"start":{"line":6,"column":23},"end":{"line":11,"column":9}},"3":{"start":{"line":12,"column":25},"end":{"line":12,"column":38}},"4":{"start":{"line":13,"column":8},"end":{"line":13,"column":37}},"5":{"start":{"line":15,"column":8},"end":{"line":15,"column":64}},"6":{"start":{"line":16,"column":8},"end":{"line":16,"column":18}}},"fnMap":{"0":{"name":"(anonymous_0)","decl":{"start":{"line":4,"column":20},"end":{"line":4,"column":21}},"loc":{"start":{"line":4,"column":55},"end":{"line":18,"column":1}},"line":4}},"branchMap":{"0":{"loc":{"start":{"line":4,"column":27},"end":{"line":4,"column":50}},"type":"default-arg","locations":[{"start":{"line":4,"column":38},"end":{"line":4,"column":50}}],"line":4}},"s":{"0":1,"1":3,"2":3,"3":3,"4":3,"5":1,"6":1},"f":{"0":3},"b":{"0":[2]},"_coverageSchema":"1a1c01bbd47fc00a2c39e90264f33305004495a9","hash":"7d132fdd71d3434d4b40e3e08690a4e12b73192a"}
,"/Users/elopezg/Documents/workspace_erick/technical-test/src/services/users.service.js": {"path":"/Users/elopezg/Documents/workspace_erick/technical-test/src/services/users.service.js","statementMap":{"0":{"start":{"line":4,"column":20},"end":{"line":18,"column":1}},"1":{"start":{"line":5,"column":4},"end":{"line":17,"column":5}},"2":{"start":{"line":6,"column":23},"end":{"line":11,"column":9}},"3":{"start":{"line":12,"column":25},"end":{"line":12,"column":44}},"4":{"start":{"line":13,"column":8},"end":{"line":13,"column":29}},"5":{"start":{"line":15,"column":8},"end":{"line":15,"column":65}},"6":{"start":{"line":16,"column":8},"end":{"line":16,"column":18}}},"fnMap":{"0":{"name":"(anonymous_0)","decl":{"start":{"line":4,"column":20},"end":{"line":4,"column":21}},"loc":{"start":{"line":4,"column":55},"end":{"line":18,"column":1}},"line":4}},"branchMap":{"0":{"loc":{"start":{"line":4,"column":27},"end":{"line":4,"column":50}},"type":"default-arg","locations":[{"start":{"line":4,"column":38},"end":{"line":4,"column":50}}],"line":4}},"s":{"0":1,"1":3,"2":3,"3":3,"4":2,"5":1,"6":1},"f":{"0":3},"b":{"0":[2]},"_coverageSchema":"1a1c01bbd47fc00a2c39e90264f33305004495a9","hash":"1fd78c608721947a8569ea2e18e03a279110c737"}
,"/Users/elopezg/Documents/workspace_erick/technical-test/src/utilis/validData.js": {"path":"/Users/elopezg/Documents/workspace_erick/technical-test/src/utilis/validData.js","statementMap":{"0":{"start":{"line":1,"column":16},"end":{"line":6,"column":1}},"1":{"start":{"line":2,"column":4},"end":{"line":4,"column":5}},"2":{"start":{"line":3,"column":8},"end":{"line":3,"column":33}},"3":{"start":{"line":5,"column":4},"end":{"line":5,"column":16}}},"fnMap":{"0":{"name":"(anonymous_0)","decl":{"start":{"line":1,"column":16},"end":{"line":1,"column":17}},"loc":{"start":{"line":1,"column":26},"end":{"line":6,"column":1}},"line":1}},"branchMap":{"0":{"loc":{"start":{"line":2,"column":4},"end":{"line":4,"column":5}},"type":"if","locations":[{"start":{"line":2,"column":4},"end":{"line":4,"column":5}},{"start":{},"end":{}}],"line":2}},"s":{"0":3,"1":31,"2":23,"3":8},"f":{"0":31},"b":{"0":[23,8]},"_coverageSchema":"1a1c01bbd47fc00a2c39e90264f33305004495a9","hash":"3fb3010966861f9299188e1e92bf369bf878b1dc"}
}
