TN:
SF:src/models/comments.model.js
FN:4,(anonymous_0)
FN:15,(anonymous_1)
FNF:2
FNH:2
FNDA:3,(anonymous_0)
FNDA:4,(anonymous_1)
DA:4,1
DA:5,3
DA:6,3
DA:7,3
DA:8,2
DA:10,1
DA:11,1
DA:15,1
DA:16,4
DA:17,4
DA:18,4
LF:11
LH:11
BRF:0
BRH:0
end_of_record
TN:
SF:src/models/post.model.js
FN:4,(anonymous_0)
FN:9,(anonymous_1)
FN:20,(anonymous_2)
FNF:3
FNH:3
FNDA:2,(anonymous_0)
FNDA:3,(anonymous_1)
FNDA:2,(anonymous_2)
DA:4,1
DA:5,2
DA:6,2
DA:9,1
DA:10,3
DA:11,3
DA:12,3
DA:13,2
DA:15,1
DA:16,1
DA:20,1
DA:21,2
DA:22,2
DA:23,2
DA:24,2
DA:25,2
LF:16
LH:16
BRF:0
BRH:0
end_of_record
TN:
SF:src/models/userLogin.model.js
FN:5,(anonymous_0)
FN:11,(anonymous_1)
FN:17,(anonymous_2)
FN:23,(anonymous_3)
FN:29,(anonymous_4)
FN:39,(anonymous_5)
FN:51,(anonymous_6)
FNF:7
FNH:7
FNDA:2,(anonymous_0)
FNDA:2,(anonymous_1)
FNDA:3,(anonymous_2)
FNDA:2,(anonymous_3)
FNDA:9,(anonymous_4)
FNDA:4,(anonymous_5)
FNDA:3,(anonymous_6)
DA:5,1
DA:6,2
DA:7,2
DA:8,2
DA:11,1
DA:12,2
DA:13,2
DA:14,2
DA:17,1
DA:18,3
DA:19,3
DA:20,3
DA:23,1
DA:24,2
DA:25,2
DA:26,2
DA:29,1
DA:30,9
DA:31,9
DA:32,9
DA:33,1
DA:35,8
DA:39,1
DA:40,4
DA:41,4
DA:42,2
DA:43,2
DA:44,1
DA:46,3
DA:47,3
DA:51,1
DA:52,3
DA:53,3
DA:54,3
DA:55,2
DA:57,1
DA:58,1
LF:37
LH:37
BRDA:41,0,0,2
BRDA:41,0,1,2
BRDA:41,1,0,4
BRDA:41,1,1,4
BRF:4
BRH:4
end_of_record
TN:
SF:src/services/bcrypt.service.js
FN:5,(anonymous_0)
FN:11,(anonymous_1)
FNF:2
FNH:2
FNDA:17,(anonymous_0)
FNDA:9,(anonymous_1)
DA:5,2
DA:6,17
DA:7,13
DA:8,12
DA:11,2
DA:12,9
DA:13,5
LF:7
LH:7
BRDA:6,0,0,4
BRDA:6,0,1,13
BRDA:7,1,0,1
BRDA:7,1,1,12
BRDA:12,2,0,4
BRDA:12,2,1,5
BRDA:12,3,0,9
BRDA:12,3,1,6
BRF:8
BRH:8
end_of_record
TN:
SF:src/services/comments.service.js
FN:4,(anonymous_0)
FNF:1
FNH:1
FNDA:9,(anonymous_0)
DA:4,1
DA:5,9
DA:6,9
DA:12,9
DA:13,8
DA:15,1
DA:16,1
LF:7
LH:7
BRDA:4,0,0,8
BRF:1
BRH:1
end_of_record
TN:
SF:src/services/jwt.service.js
FN:4,(anonymous_0)
FN:16,(anonymous_1)
FNF:2
FNH:2
FNDA:4,(anonymous_0)
FNDA:5,(anonymous_1)
DA:4,1
DA:5,4
DA:6,3
DA:10,3
DA:13,3
DA:16,1
DA:17,5
DA:18,4
DA:19,3
DA:20,3
DA:21,3
DA:22,1
DA:24,2
DA:25,1
DA:27,1
DA:28,1
LF:16
LH:16
BRDA:5,0,0,1
BRDA:5,0,1,3
BRDA:17,1,0,1
BRDA:17,1,1,4
BRDA:18,2,0,1
BRDA:18,2,1,3
BRDA:24,3,0,1
BRDA:24,3,1,1
BRDA:27,4,0,1
BRDA:27,4,1,0
BRF:10
BRH:9
end_of_record
TN:
SF:src/services/post.service.js
FN:4,(anonymous_0)
FNF:1
FNH:1
FNDA:3,(anonymous_0)
DA:4,1
DA:5,3
DA:6,3
DA:12,3
DA:13,3
DA:15,1
DA:16,1
LF:7
LH:7
BRDA:4,0,0,2
BRF:1
BRH:1
end_of_record
TN:
SF:src/services/users.service.js
FN:4,(anonymous_0)
FNF:1
FNH:1
FNDA:3,(anonymous_0)
DA:4,1
DA:5,3
DA:6,3
DA:12,3
DA:13,2
DA:15,1
DA:16,1
LF:7
LH:7
BRDA:4,0,0,2
BRF:1
BRH:1
end_of_record
TN:
SF:src/utilis/validData.js
FN:1,(anonymous_0)
FNF:1
FNH:1
FNDA:31,(anonymous_0)
DA:1,3
DA:2,31
DA:3,23
DA:5,8
LF:4
LH:4
BRDA:2,0,0,23
BRDA:2,0,1,8
BRF:2
BRH:2
end_of_record
